<?xml version="1.0" encoding="UTF-8"?>
<testsuite xmlns:xsi="http://www.w3.org/2001/XMLSchema-instance" xsi:noNamespaceSchemaLocation="https://maven.apache.org/surefire/maven-surefire-plugin/xsd/surefire-test-report.xsd" name="com.atguigu.admin.Boot06WebAdminApplicationTests" time="6.139" tests="2" errors="0" skipped="0" failures="0">
  <properties>
    <property name="sun.desktop" value="windows"/>
    <property name="awt.toolkit" value="sun.awt.windows.WToolkit"/>
    <property name="file.encoding.pkg" value="sun.io"/>
    <property name="java.specification.version" value="1.8"/>
    <property name="sun.cpu.isalist" value="amd64"/>
    <property name="sun.jnu.encoding" value="GBK"/>
    <property name="java.class.path" value="E:\IDEA 项目\springboot\boot_06_web_admin\target\test-classes;E:\IDEA 项目\springboot\boot_06_web_admin\target\classes;F:\maven\repository\org\springframework\boot\spring-boot-starter-thymeleaf\2.6.11\spring-boot-starter-thymeleaf-2.6.11.jar;F:\maven\repository\org\springframework\boot\spring-boot-starter\2.6.11\spring-boot-starter-2.6.11.jar;F:\maven\repository\org\springframework\boot\spring-boot-starter-logging\2.6.11\spring-boot-starter-logging-2.6.11.jar;F:\maven\repository\ch\qos\logback\logback-classic\1.2.11\logback-classic-1.2.11.jar;F:\maven\repository\ch\qos\logback\logback-core\1.2.11\logback-core-1.2.11.jar;F:\maven\repository\org\apache\logging\log4j\log4j-to-slf4j\2.17.2\log4j-to-slf4j-2.17.2.jar;F:\maven\repository\org\apache\logging\log4j\log4j-api\2.17.2\log4j-api-2.17.2.jar;F:\maven\repository\org\slf4j\jul-to-slf4j\1.7.36\jul-to-slf4j-1.7.36.jar;F:\maven\repository\jakarta\annotation\jakarta.annotation-api\1.3.5\jakarta.annotation-api-1.3.5.jar;F:\maven\repository\org\yaml\snakeyaml\1.29\snakeyaml-1.29.jar;F:\maven\repository\org\thymeleaf\thymeleaf-spring5\3.0.15.RELEASE\thymeleaf-spring5-3.0.15.RELEASE.jar;F:\maven\repository\org\thymeleaf\thymeleaf\3.0.15.RELEASE\thymeleaf-3.0.15.RELEASE.jar;F:\maven\repository\org\attoparser\attoparser\2.0.5.RELEASE\attoparser-2.0.5.RELEASE.jar;F:\maven\repository\org\unbescape\unbescape\1.1.6.RELEASE\unbescape-1.1.6.RELEASE.jar;F:\maven\repository\org\thymeleaf\extras\thymeleaf-extras-java8time\3.0.4.RELEASE\thymeleaf-extras-java8time-3.0.4.RELEASE.jar;F:\maven\repository\org\springframework\boot\spring-boot-starter-web\2.6.11\spring-boot-starter-web-2.6.11.jar;F:\maven\repository\org\springframework\boot\spring-boot-starter-json\2.6.11\spring-boot-starter-json-2.6.11.jar;F:\maven\repository\com\fasterxml\jackson\core\jackson-databind\2.13.3\jackson-databind-2.13.3.jar;F:\maven\repository\com\fasterxml\jackson\core\jackson-annotations\2.13.3\jackson-annotations-2.13.3.jar;F:\maven\repository\com\fasterxml\jackson\core\jackson-core\2.13.3\jackson-core-2.13.3.jar;F:\maven\repository\com\fasterxml\jackson\datatype\jackson-datatype-jdk8\2.13.3\jackson-datatype-jdk8-2.13.3.jar;F:\maven\repository\com\fasterxml\jackson\datatype\jackson-datatype-jsr310\2.13.3\jackson-datatype-jsr310-2.13.3.jar;F:\maven\repository\com\fasterxml\jackson\module\jackson-module-parameter-names\2.13.3\jackson-module-parameter-names-2.13.3.jar;F:\maven\repository\org\springframework\boot\spring-boot-starter-tomcat\2.6.11\spring-boot-starter-tomcat-2.6.11.jar;F:\maven\repository\org\apache\tomcat\embed\tomcat-embed-core\9.0.65\tomcat-embed-core-9.0.65.jar;F:\maven\repository\org\apache\tomcat\embed\tomcat-embed-el\9.0.65\tomcat-embed-el-9.0.65.jar;F:\maven\repository\org\apache\tomcat\embed\tomcat-embed-websocket\9.0.65\tomcat-embed-websocket-9.0.65.jar;F:\maven\repository\org\springframework\spring-web\5.3.22\spring-web-5.3.22.jar;F:\maven\repository\org\springframework\spring-beans\5.3.22\spring-beans-5.3.22.jar;F:\maven\repository\org\springframework\spring-webmvc\5.3.22\spring-webmvc-5.3.22.jar;F:\maven\repository\org\springframework\spring-aop\5.3.22\spring-aop-5.3.22.jar;F:\maven\repository\org\springframework\spring-context\5.3.22\spring-context-5.3.22.jar;F:\maven\repository\org\springframework\spring-expression\5.3.22\spring-expression-5.3.22.jar;F:\maven\repository\org\springframework\boot\spring-boot-devtools\2.6.11\spring-boot-devtools-2.6.11.jar;F:\maven\repository\org\springframework\boot\spring-boot\2.6.11\spring-boot-2.6.11.jar;F:\maven\repository\org\springframework\boot\spring-boot-autoconfigure\2.6.11\spring-boot-autoconfigure-2.6.11.jar;F:\maven\repository\org\springframework\boot\spring-boot-configuration-processor\2.6.11\spring-boot-configuration-processor-2.6.11.jar;F:\maven\repository\org\projectlombok\lombok\1.18.24\lombok-1.18.24.jar;F:\maven\repository\org\springframework\boot\spring-boot-starter-test\2.6.11\spring-boot-starter-test-2.6.11.jar;F:\maven\repository\org\springframework\boot\spring-boot-test\2.6.11\spring-boot-test-2.6.11.jar;F:\maven\repository\org\springframework\boot\spring-boot-test-autoconfigure\2.6.11\spring-boot-test-autoconfigure-2.6.11.jar;F:\maven\repository\com\jayway\jsonpath\json-path\2.6.0\json-path-2.6.0.jar;F:\maven\repository\net\minidev\json-smart\2.4.8\json-smart-2.4.8.jar;F:\maven\repository\net\minidev\accessors-smart\2.4.8\accessors-smart-2.4.8.jar;F:\maven\repository\org\ow2\asm\asm\9.1\asm-9.1.jar;F:\maven\repository\jakarta\xml\bind\jakarta.xml.bind-api\2.3.3\jakarta.xml.bind-api-2.3.3.jar;F:\maven\repository\jakarta\activation\jakarta.activation-api\1.2.2\jakarta.activation-api-1.2.2.jar;F:\maven\repository\org\assertj\assertj-core\3.21.0\assertj-core-3.21.0.jar;F:\maven\repository\org\hamcrest\hamcrest\2.2\hamcrest-2.2.jar;F:\maven\repository\org\junit\jupiter\junit-jupiter\5.8.2\junit-jupiter-5.8.2.jar;F:\maven\repository\org\junit\jupiter\junit-jupiter-api\5.8.2\junit-jupiter-api-5.8.2.jar;F:\maven\repository\org\opentest4j\opentest4j\1.2.0\opentest4j-1.2.0.jar;F:\maven\repository\org\junit\platform\junit-platform-commons\1.8.2\junit-platform-commons-1.8.2.jar;F:\maven\repository\org\apiguardian\apiguardian-api\1.1.2\apiguardian-api-1.1.2.jar;F:\maven\repository\org\junit\jupiter\junit-jupiter-params\5.8.2\junit-jupiter-params-5.8.2.jar;F:\maven\repository\org\junit\jupiter\junit-jupiter-engine\5.8.2\junit-jupiter-engine-5.8.2.jar;F:\maven\repository\org\junit\platform\junit-platform-engine\1.8.2\junit-platform-engine-1.8.2.jar;F:\maven\repository\org\mockito\mockito-core\4.0.0\mockito-core-4.0.0.jar;F:\maven\repository\net\bytebuddy\byte-buddy\1.11.22\byte-buddy-1.11.22.jar;F:\maven\repository\net\bytebuddy\byte-buddy-agent\1.11.22\byte-buddy-agent-1.11.22.jar;F:\maven\repository\org\objenesis\objenesis\3.2\objenesis-3.2.jar;F:\maven\repository\org\mockito\mockito-junit-jupiter\4.0.0\mockito-junit-jupiter-4.0.0.jar;F:\maven\repository\org\skyscreamer\jsonassert\1.5.1\jsonassert-1.5.1.jar;F:\maven\repository\com\vaadin\external\google\android-json\0.0.20131108.vaadin1\android-json-0.0.20131108.vaadin1.jar;F:\maven\repository\org\springframework\spring-core\5.3.22\spring-core-5.3.22.jar;F:\maven\repository\org\springframework\spring-jcl\5.3.22\spring-jcl-5.3.22.jar;F:\maven\repository\org\springframework\spring-test\5.3.22\spring-test-5.3.22.jar;F:\maven\repository\org\xmlunit\xmlunit-core\2.8.4\xmlunit-core-2.8.4.jar;F:\maven\repository\com\alibaba\druid-spring-boot-starter\1.1.17\druid-spring-boot-starter-1.1.17.jar;F:\maven\repository\org\slf4j\slf4j-api\1.7.36\slf4j-api-1.7.36.jar;F:\maven\repository\com\baomidou\mybatis-plus-boot-starter\3.4.1\mybatis-plus-boot-starter-3.4.1.jar;F:\maven\repository\com\baomidou\mybatis-plus\3.4.1\mybatis-plus-3.4.1.jar;F:\maven\repository\com\baomidou\mybatis-plus-extension\3.4.1\mybatis-plus-extension-3.4.1.jar;F:\maven\repository\com\baomidou\mybatis-plus-core\3.4.1\mybatis-plus-core-3.4.1.jar;F:\maven\repository\com\baomidou\mybatis-plus-annotation\3.4.1\mybatis-plus-annotation-3.4.1.jar;F:\maven\repository\com\github\jsqlparser\jsqlparser\3.2\jsqlparser-3.2.jar;F:\maven\repository\org\mybatis\mybatis\3.5.6\mybatis-3.5.6.jar;F:\maven\repository\org\mybatis\mybatis-spring\2.0.5\mybatis-spring-2.0.5.jar;F:\maven\repository\org\springframework\boot\spring-boot-starter-jdbc\2.6.11\spring-boot-starter-jdbc-2.6.11.jar;F:\maven\repository\com\zaxxer\HikariCP\4.0.3\HikariCP-4.0.3.jar;F:\maven\repository\org\springframework\spring-jdbc\5.3.22\spring-jdbc-5.3.22.jar;F:\maven\repository\org\springframework\spring-tx\5.3.22\spring-tx-5.3.22.jar;F:\maven\repository\com\alibaba\druid\1.1.17\druid-1.1.17.jar;F:\maven\repository\mysql\mysql-connector-java\8.0.30\mysql-connector-java-8.0.30.jar;"/>
    <property name="java.vm.vendor" value="Amazon.com Inc."/>
    <property name="sun.arch.data.model" value="64"/>
    <property name="user.variant" value=""/>
    <property name="java.vendor.url" value="https://aws.amazon.com/corretto/"/>
    <property name="user.timezone" value="Asia/Shanghai"/>
    <property name="java.vm.specification.version" value="1.8"/>
    <property name="os.name" value="Windows 10"/>
    <property name="user.country" value="CN"/>
    <property name="sun.java.launcher" value="SUN_STANDARD"/>
    <property name="sun.boot.library.path" value="G:\IDEA\JDK\jre\bin"/>
    <property name="sun.java.command" value="C:\Users\lwq13\AppData\Local\Temp\surefire4871303123324979726\surefirebooter6881295454155369965.jar C:\Users\lwq13\AppData\Local\Temp\surefire4871303123324979726 2022-09-08T17-31-25_015-jvmRun1 surefire4917442950384950238tmp surefire_02531765413192574314tmp"/>
    <property name="surefire.test.class.path" value="E:\IDEA 项目\springboot\boot_06_web_admin\target\test-classes;E:\IDEA 项目\springboot\boot_06_web_admin\target\classes;F:\maven\repository\org\springframework\boot\spring-boot-starter-thymeleaf\2.6.11\spring-boot-starter-thymeleaf-2.6.11.jar;F:\maven\repository\org\springframework\boot\spring-boot-starter\2.6.11\spring-boot-starter-2.6.11.jar;F:\maven\repository\org\springframework\boot\spring-boot-starter-logging\2.6.11\spring-boot-starter-logging-2.6.11.jar;F:\maven\repository\ch\qos\logback\logback-classic\1.2.11\logback-classic-1.2.11.jar;F:\maven\repository\ch\qos\logback\logback-core\1.2.11\logback-core-1.2.11.jar;F:\maven\repository\org\apache\logging\log4j\log4j-to-slf4j\2.17.2\log4j-to-slf4j-2.17.2.jar;F:\maven\repository\org\apache\logging\log4j\log4j-api\2.17.2\log4j-api-2.17.2.jar;F:\maven\repository\org\slf4j\jul-to-slf4j\1.7.36\jul-to-slf4j-1.7.36.jar;F:\maven\repository\jakarta\annotation\jakarta.annotation-api\1.3.5\jakarta.annotation-api-1.3.5.jar;F:\maven\repository\org\yaml\snakeyaml\1.29\snakeyaml-1.29.jar;F:\maven\repository\org\thymeleaf\thymeleaf-spring5\3.0.15.RELEASE\thymeleaf-spring5-3.0.15.RELEASE.jar;F:\maven\repository\org\thymeleaf\thymeleaf\3.0.15.RELEASE\thymeleaf-3.0.15.RELEASE.jar;F:\maven\repository\org\attoparser\attoparser\2.0.5.RELEASE\attoparser-2.0.5.RELEASE.jar;F:\maven\repository\org\unbescape\unbescape\1.1.6.RELEASE\unbescape-1.1.6.RELEASE.jar;F:\maven\repository\org\thymeleaf\extras\thymeleaf-extras-java8time\3.0.4.RELEASE\thymeleaf-extras-java8time-3.0.4.RELEASE.jar;F:\maven\repository\org\springframework\boot\spring-boot-starter-web\2.6.11\spring-boot-starter-web-2.6.11.jar;F:\maven\repository\org\springframework\boot\spring-boot-starter-json\2.6.11\spring-boot-starter-json-2.6.11.jar;F:\maven\repository\com\fasterxml\jackson\core\jackson-databind\2.13.3\jackson-databind-2.13.3.jar;F:\maven\repository\com\fasterxml\jackson\core\jackson-annotations\2.13.3\jackson-annotations-2.13.3.jar;F:\maven\repository\com\fasterxml\jackson\core\jackson-core\2.13.3\jackson-core-2.13.3.jar;F:\maven\repository\com\fasterxml\jackson\datatype\jackson-datatype-jdk8\2.13.3\jackson-datatype-jdk8-2.13.3.jar;F:\maven\repository\com\fasterxml\jackson\datatype\jackson-datatype-jsr310\2.13.3\jackson-datatype-jsr310-2.13.3.jar;F:\maven\repository\com\fasterxml\jackson\module\jackson-module-parameter-names\2.13.3\jackson-module-parameter-names-2.13.3.jar;F:\maven\repository\org\springframework\boot\spring-boot-starter-tomcat\2.6.11\spring-boot-starter-tomcat-2.6.11.jar;F:\maven\repository\org\apache\tomcat\embed\tomcat-embed-core\9.0.65\tomcat-embed-core-9.0.65.jar;F:\maven\repository\org\apache\tomcat\embed\tomcat-embed-el\9.0.65\tomcat-embed-el-9.0.65.jar;F:\maven\repository\org\apache\tomcat\embed\tomcat-embed-websocket\9.0.65\tomcat-embed-websocket-9.0.65.jar;F:\maven\repository\org\springframework\spring-web\5.3.22\spring-web-5.3.22.jar;F:\maven\repository\org\springframework\spring-beans\5.3.22\spring-beans-5.3.22.jar;F:\maven\repository\org\springframework\spring-webmvc\5.3.22\spring-webmvc-5.3.22.jar;F:\maven\repository\org\springframework\spring-aop\5.3.22\spring-aop-5.3.22.jar;F:\maven\repository\org\springframework\spring-context\5.3.22\spring-context-5.3.22.jar;F:\maven\repository\org\springframework\spring-expression\5.3.22\spring-expression-5.3.22.jar;F:\maven\repository\org\springframework\boot\spring-boot-devtools\2.6.11\spring-boot-devtools-2.6.11.jar;F:\maven\repository\org\springframework\boot\spring-boot\2.6.11\spring-boot-2.6.11.jar;F:\maven\repository\org\springframework\boot\spring-boot-autoconfigure\2.6.11\spring-boot-autoconfigure-2.6.11.jar;F:\maven\repository\org\springframework\boot\spring-boot-configuration-processor\2.6.11\spring-boot-configuration-processor-2.6.11.jar;F:\maven\repository\org\projectlombok\lombok\1.18.24\lombok-1.18.24.jar;F:\maven\repository\org\springframework\boot\spring-boot-starter-test\2.6.11\spring-boot-starter-test-2.6.11.jar;F:\maven\repository\org\springframework\boot\spring-boot-test\2.6.11\spring-boot-test-2.6.11.jar;F:\maven\repository\org\springframework\boot\spring-boot-test-autoconfigure\2.6.11\spring-boot-test-autoconfigure-2.6.11.jar;F:\maven\repository\com\jayway\jsonpath\json-path\2.6.0\json-path-2.6.0.jar;F:\maven\repository\net\minidev\json-smart\2.4.8\json-smart-2.4.8.jar;F:\maven\repository\net\minidev\accessors-smart\2.4.8\accessors-smart-2.4.8.jar;F:\maven\repository\org\ow2\asm\asm\9.1\asm-9.1.jar;F:\maven\repository\jakarta\xml\bind\jakarta.xml.bind-api\2.3.3\jakarta.xml.bind-api-2.3.3.jar;F:\maven\repository\jakarta\activation\jakarta.activation-api\1.2.2\jakarta.activation-api-1.2.2.jar;F:\maven\repository\org\assertj\assertj-core\3.21.0\assertj-core-3.21.0.jar;F:\maven\repository\org\hamcrest\hamcrest\2.2\hamcrest-2.2.jar;F:\maven\repository\org\junit\jupiter\junit-jupiter\5.8.2\junit-jupiter-5.8.2.jar;F:\maven\repository\org\junit\jupiter\junit-jupiter-api\5.8.2\junit-jupiter-api-5.8.2.jar;F:\maven\repository\org\opentest4j\opentest4j\1.2.0\opentest4j-1.2.0.jar;F:\maven\repository\org\junit\platform\junit-platform-commons\1.8.2\junit-platform-commons-1.8.2.jar;F:\maven\repository\org\apiguardian\apiguardian-api\1.1.2\apiguardian-api-1.1.2.jar;F:\maven\repository\org\junit\jupiter\junit-jupiter-params\5.8.2\junit-jupiter-params-5.8.2.jar;F:\maven\repository\org\junit\jupiter\junit-jupiter-engine\5.8.2\junit-jupiter-engine-5.8.2.jar;F:\maven\repository\org\junit\platform\junit-platform-engine\1.8.2\junit-platform-engine-1.8.2.jar;F:\maven\repository\org\mockito\mockito-core\4.0.0\mockito-core-4.0.0.jar;F:\maven\repository\net\bytebuddy\byte-buddy\1.11.22\byte-buddy-1.11.22.jar;F:\maven\repository\net\bytebuddy\byte-buddy-agent\1.11.22\byte-buddy-agent-1.11.22.jar;F:\maven\repository\org\objenesis\objenesis\3.2\objenesis-3.2.jar;F:\maven\repository\org\mockito\mockito-junit-jupiter\4.0.0\mockito-junit-jupiter-4.0.0.jar;F:\maven\repository\org\skyscreamer\jsonassert\1.5.1\jsonassert-1.5.1.jar;F:\maven\repository\com\vaadin\external\google\android-json\0.0.20131108.vaadin1\android-json-0.0.20131108.vaadin1.jar;F:\maven\repository\org\springframework\spring-core\5.3.22\spring-core-5.3.22.jar;F:\maven\repository\org\springframework\spring-jcl\5.3.22\spring-jcl-5.3.22.jar;F:\maven\repository\org\springframework\spring-test\5.3.22\spring-test-5.3.22.jar;F:\maven\repository\org\xmlunit\xmlunit-core\2.8.4\xmlunit-core-2.8.4.jar;F:\maven\repository\com\alibaba\druid-spring-boot-starter\1.1.17\druid-spring-boot-starter-1.1.17.jar;F:\maven\repository\org\slf4j\slf4j-api\1.7.36\slf4j-api-1.7.36.jar;F:\maven\repository\com\baomidou\mybatis-plus-boot-starter\3.4.1\mybatis-plus-boot-starter-3.4.1.jar;F:\maven\repository\com\baomidou\mybatis-plus\3.4.1\mybatis-plus-3.4.1.jar;F:\maven\repository\com\baomidou\mybatis-plus-extension\3.4.1\mybatis-plus-extension-3.4.1.jar;F:\maven\repository\com\baomidou\mybatis-plus-core\3.4.1\mybatis-plus-core-3.4.1.jar;F:\maven\repository\com\baomidou\mybatis-plus-annotation\3.4.1\mybatis-plus-annotation-3.4.1.jar;F:\maven\repository\com\github\jsqlparser\jsqlparser\3.2\jsqlparser-3.2.jar;F:\maven\repository\org\mybatis\mybatis\3.5.6\mybatis-3.5.6.jar;F:\maven\repository\org\mybatis\mybatis-spring\2.0.5\mybatis-spring-2.0.5.jar;F:\maven\repository\org\springframework\boot\spring-boot-starter-jdbc\2.6.11\spring-boot-starter-jdbc-2.6.11.jar;F:\maven\repository\com\zaxxer\HikariCP\4.0.3\HikariCP-4.0.3.jar;F:\maven\repository\org\springframework\spring-jdbc\5.3.22\spring-jdbc-5.3.22.jar;F:\maven\repository\org\springframework\spring-tx\5.3.22\spring-tx-5.3.22.jar;F:\maven\repository\com\alibaba\druid\1.1.17\druid-1.1.17.jar;F:\maven\repository\mysql\mysql-connector-java\8.0.30\mysql-connector-java-8.0.30.jar;"/>
    <property name="sun.cpu.endian" value="little"/>
    <property name="user.home" value="C:\Users\lwq13"/>
    <property name="user.language" value="zh"/>
    <property name="java.specification.vendor" value="Oracle Corporation"/>
    <property name="java.home" value="G:\IDEA\JDK\jre"/>
    <property name="basedir" value="E:\IDEA 项目\springboot\boot_06_web_admin"/>
    <property name="file.separator" value="\"/>
    <property name="line.separator" value="&#10;"/>
    <property name="java.vm.specification.vendor" value="Oracle Corporation"/>
    <property name="java.specification.name" value="Java Platform API Specification"/>
    <property name="java.awt.graphicsenv" value="sun.awt.Win32GraphicsEnvironment"/>
    <property name="surefire.real.class.path" value="C:\Users\lwq13\AppData\Local\Temp\surefire4871303123324979726\surefirebooter6881295454155369965.jar"/>
    <property name="sun.boot.class.path" value="G:\IDEA\JDK\jre\lib\resources.jar;G:\IDEA\JDK\jre\lib\rt.jar;G:\IDEA\JDK\jre\lib\sunrsasign.jar;G:\IDEA\JDK\jre\lib\jsse.jar;G:\IDEA\JDK\jre\lib\jce.jar;G:\IDEA\JDK\jre\lib\charsets.jar;G:\IDEA\JDK\jre\lib\jfr.jar;G:\IDEA\JDK\jre\classes"/>
    <property name="user.script" value=""/>
    <property name="sun.management.compiler" value="HotSpot 64-Bit Tiered Compilers"/>
    <property name="java.runtime.version" value="1.8.0_332-b08"/>
    <property name="user.name" value="lwq13"/>
    <property name="path.separator" value=";"/>
    <property name="os.version" value="10.0"/>
    <property name="java.endorsed.dirs" value="G:\IDEA\JDK\jre\lib\endorsed"/>
    <property name="java.runtime.name" value="OpenJDK Runtime Environment"/>
    <property name="file.encoding" value="GBK"/>
    <property name="java.vm.name" value="OpenJDK 64-Bit Server VM"/>
    <property name="localRepository" value="F:\maven\repository"/>
    <property name="java.vendor.url.bug" value="https://github.com/corretto/corretto-8/issues/"/>
    <property name="java.io.tmpdir" value="C:\Users\lwq13\AppData\Local\Temp\"/>
    <property name="idea.version" value="2021.2"/>
    <property name="java.version" value="1.8.0_332"/>
    <property name="user.dir" value="E:\IDEA 项目\springboot\boot_06_web_admin"/>
    <property name="os.arch" value="amd64"/>
    <property name="java.vm.specification.name" value="Java Virtual Machine Specification"/>
    <property name="java.awt.printerjob" value="sun.awt.windows.WPrinterJob"/>
    <property name="sun.os.patch.level" value=""/>
    <property name="java.library.path" value="G:\IDEA\JDK\jre\bin;C:\WINDOWS\Sun\Java\bin;C:\WINDOWS\system32;C:\WINDOWS;F:\MySQL\bin;G:\虚拟机\bin\;C:;Windows\system32;C:\Windows;C:\Windows\System32\Wbem;C:\Windows\System32\WindowsPowerShell\v1.0\;C:\Windows\System32\OpenSSH\;C:\Program Files (x86)\NVIDIA Corporation\PhysX\Common;C:\Program Files\NVIDIA Corporation\NVIDIA NvDLISR;C:\WINDOWS\system32;C:\WINDOWS;C:\WINDOWS\System32\Wbem;C:\WINDOWS\System32\WindowsPowerShell\v1.0\;C:\WINDOWS\System32\OpenSSH\;C:\Program Files\Microsoft SQL Server\Client SDK\ODBC\170\Tools\Binn\;C:\Program Files (x86)\Microsoft SQL Server\150\Tools\Binn\;C:\Program Files\Microsoft SQL Server\150\Tools\Binn\;C:\Program Files\Microsoft SQL Server\150\DTS\Binn\;C:\Program Files (x86)\Microsoft SQL Server\150\DTS\Binn\;C:\Program Files\Azure Data Studio\bin;%QUARTUS_ROOTDIR%\bin;G:\IDEA\JDK\bin;G:\IDEA\JDK\jre\bin;F:\微信小程序开发工具\微信web开发者工具\dll;F:\maven\apache-maven-3.3.9\bin;F:\node_js\;C:\Users\lwq13\AppData\Local\Microsoft\WindowsApps;;C:\Program Files\Azure Data Studio\bin;G:\IDEA community\IntelliJ IDEA Community Edition 2022.1\bin;;G:\IDEA community\IntelliJ IDEA 2021.2\bin;;C:\Users\lwq13\AppData\Roaming\npm;."/>
    <property name="java.vm.info" value="mixed mode"/>
    <property name="java.vendor" value="Amazon.com Inc."/>
    <property name="java.vm.version" value="25.332-b08"/>
    <property name="java.ext.dirs" value="G:\IDEA\JDK\jre\lib\ext;C:\WINDOWS\Sun\Java\lib\ext"/>
    <property name="sun.io.unicode.encoding" value="UnicodeLittle"/>
    <property name="maven.repo.local" value="F:\maven\repository"/>
    <property name="java.class.version" value="52.0"/>
  </properties>
  <testcase name="test" classname="com.atguigu.admin.Boot06WebAdminApplicationTests" time="0.649"/>
  <testcase name="contextLoads" classname="com.atguigu.admin.Boot06WebAdminApplicationTests" time="0.016"/>
</testsuite>